[debug] > Exec(early(addDefaultCommands), None, None)
[debug] > Exec(addDefaultCommands, None, None)
[debug] > Exec(early(initialize), None, None)
[debug] > Exec(initialize, None, None)
[debug] > Exec(boot, None, None)
[debug] > Exec(writeSbtVersion, None, None)
[debug] > Exec(reload, None, None)
[debug] > Exec(sbtStashOnFailure, None, None)
[debug] > Exec(onFailure loadFailed, None, None)
[debug] > Exec(loadp, None, None)
[info] welcome to sbt 1.10.7 (Ubuntu Java 11.0.27)
[debug] Load.defaultLoad until apply took 1037.524108ms
[debug]           Load.loadUnit: plugins took 525.435609ms
[debug]           Load.loadUnit: defsScala took 0.463178ms
[debug] [Loading] Scanning directory /home/gabriel/Documents/de/scala/basics_scala/rock-the-jvm/scala_at_light_speed/project
[debug] [Loading] Found non-root projects 
[debug] [Loading] Done in /home/gabriel/Documents/de/scala/basics_scala/rock-the-jvm/scala_at_light_speed/project, returning: ()
[debug] deducing auto plugins based on known facts Set(Atom(sbt.plugins.CorePlugin)) and clauses Clauses(Clause(Atom(sbt.plugins.JvmPlugin),Set(Atom(sbt.plugins.IvyPlugin)))
[debug] Clause(Atom(sbt.ScriptedPlugin),Set(Atom(sbt.plugins.JvmPlugin)))
[debug] Clause(Atom(sbt.plugins.SbtPlugin),Set(Atom(sbt.ScriptedPlugin)))
[debug] Clause(Atom(sbt.plugins.SemanticdbPlugin),Set(Atom(sbt.plugins.JvmPlugin)))
[debug] Clause(Atom(sbt.plugins.JUnitXmlReportPlugin),Set(Atom(sbt.plugins.JvmPlugin)))
[debug] Clause(Atom(sbt.plugins.MiniDependencyTreePlugin),Set(Atom(sbt.plugins.JvmPlugin)))
[debug] Clause(Atom(sbt.plugins.CorePlugin),Set(Atom(sbt.plugins.IvyPlugin)))
[debug] Clause(Atom(sbt.plugins.IvyPlugin),Set(Atom(sbt.plugins.JvmPlugin)))
[debug] Clause(Atom(sbt.plugins.JvmPlugin),Set(Atom(sbt.plugins.SemanticdbPlugin)))
[debug] Clause(Atom(sbt.plugins.JvmPlugin),Set(Atom(sbt.plugins.JUnitXmlReportPlugin)))
[debug] Clause(Atom(sbt.plugins.CorePlugin),Set(Atom(sbt.plugins.Giter8TemplatePlugin)))
[debug] Clause(Atom(sbt.plugins.JvmPlugin),Set(Atom(sbt.plugins.MiniDependencyTreePlugin))))
[debug]   :: deduced result: Matched(sbt.plugins.CorePlugin,sbt.plugins.Giter8TemplatePlugin,sbt.plugins.IvyPlugin,sbt.plugins.JvmPlugin,sbt.plugins.MiniDependencyTreePlugin,sbt.plugins.JUnitXmlReportPlugin,sbt.plugins.SemanticdbPlugin)
[debug] Plugins.deducer#function took 170.532785 ms
[debug]               Load.resolveProject(scala_at_light_speed-build) took 366.658074ms
[debug]             Load.loadTransitive: finalizeProject(Project(id scala_at_light_speed-build, base: /home/gabriel/Documents/de/scala/basics_scala/rock-the-jvm/scala_at_light_speed/project, plugins: List(<none>))) took 827.382693ms
[debug] [Loading] Done in /home/gabriel/Documents/de/scala/basics_scala/rock-the-jvm/scala_at_light_speed/project, returning: (scala_at_light_speed-build)
[debug]           Load.loadUnit: loadedProjectsRaw took 1072.799706ms
[debug]           Load.loadUnit: cleanEvalClasses took 0.433147ms
[debug]         Load.loadUnit(file:/home/gabriel/Documents/de/scala/basics_scala/rock-the-jvm/scala_at_light_speed/project/, ...) took 1704.928296ms
[debug]       Load.apply: load took 3101.909191ms
[debug]       Load.apply: resolveProjects took 55.499656ms
[debug]       Load.apply: finalTransforms took 580.079995ms
[debug]       Load.apply: config.delegates took 53.666775ms
[debug]       Load.apply: Def.make(settings)... took 3159.486384ms
[debug]       Load.apply: structureIndex took 530.133515ms
[debug]       Load.apply: mkStreams took 4.532125ms
[info] loading project definition from /home/gabriel/Documents/de/scala/basics_scala/rock-the-jvm/scala_at_light_speed/project
[debug] Running task... Cancel: Signal, check cycles: false, forcegc: true
[warn] scala-xml_2.12-2.3.0.jar no longer exists at /home/gabriel/.cache/coursier/v1/https/repo1.maven.org/maven2/org/scala-lang/modules/scala-xml_2.12/2.3.0/scala-xml_2.12-2.3.0.jar
[debug]     Load.loadUnit: plugins took 91086.750092ms
[debug]     Load.loadUnit: defsScala took 0.014666ms
[debug] [Loading] Scanning directory /home/gabriel/Documents/de/scala/basics_scala/rock-the-jvm/scala_at_light_speed
[debug]       Load.loadUnit: mkEval took 21.43241ms
[debug] [Loading] Found root project root w/ remaining 
[debug] deducing auto plugins based on known facts Set(Atom(sbt.plugins.CorePlugin)) and clauses Clauses(Clause(Atom(sbt.plugins.JvmPlugin),Set(Atom(sbt.plugins.IvyPlugin)))
[debug] Clause(Atom(sbt.ScriptedPlugin),Set(Atom(sbt.plugins.JvmPlugin)))
[debug] Clause(Atom(sbt.plugins.SbtPlugin),Set(Atom(sbt.ScriptedPlugin)))
[debug] Clause(Atom(sbt.plugins.SemanticdbPlugin),Set(Atom(sbt.plugins.JvmPlugin)))
[debug] Clause(Atom(sbt.plugins.JUnitXmlReportPlugin),Set(Atom(sbt.plugins.JvmPlugin)))
[debug] Clause(Atom(sbt.plugins.MiniDependencyTreePlugin),Set(Atom(sbt.plugins.JvmPlugin)))
[debug] Clause(Atom(sbt.plugins.CorePlugin),Set(Atom(sbt.plugins.IvyPlugin)))
[debug] Clause(Atom(sbt.plugins.IvyPlugin),Set(Atom(sbt.plugins.JvmPlugin)))
[debug] Clause(Atom(sbt.plugins.JvmPlugin),Set(Atom(sbt.plugins.SemanticdbPlugin)))
[debug] Clause(Atom(sbt.plugins.JvmPlugin),Set(Atom(sbt.plugins.JUnitXmlReportPlugin)))
[debug] Clause(Atom(sbt.plugins.CorePlugin),Set(Atom(sbt.plugins.Giter8TemplatePlugin)))
[debug] Clause(Atom(sbt.plugins.JvmPlugin),Set(Atom(sbt.plugins.MiniDependencyTreePlugin))))
[debug]   :: deduced result: Matched(sbt.plugins.CorePlugin,sbt.plugins.Giter8TemplatePlugin,sbt.plugins.IvyPlugin,sbt.plugins.JvmPlugin,sbt.plugins.MiniDependencyTreePlugin,sbt.plugins.JUnitXmlReportPlugin,sbt.plugins.SemanticdbPlugin)
[debug] Plugins.deducer#function took 6.027605 ms
[info] loading settings for project root from build.sbt...
[debug]         Load.resolveProject(root) took 12.758639ms
[debug]       Load.loadTransitive: finalizeProject(Project(id root, base: /home/gabriel/Documents/de/scala/basics_scala/rock-the-jvm/scala_at_light_speed, plugins: List(<none>))) took 27.133931ms
[debug] [Loading] Done in /home/gabriel/Documents/de/scala/basics_scala/rock-the-jvm/scala_at_light_speed, returning: (root)
[debug]     Load.loadUnit: loadedProjectsRaw took 11476.622255ms
[debug]     Load.loadUnit: cleanEvalClasses took 28.449227ms
[debug]   Load.loadUnit(file:/home/gabriel/Documents/de/scala/basics_scala/rock-the-jvm/scala_at_light_speed/, ...) took 102609.200758ms
[debug] Load.apply: load took 102857.448595ms
[debug] Load.apply: resolveProjects took 0.536022ms
[debug] Load.apply: finalTransforms took 32.621394ms
[debug] Load.apply: config.delegates took 0.427001ms
[debug] Load.apply: Def.make(settings)... took 481.303223ms
[debug] Load.apply: structureIndex took 211.602145ms
[debug] Load.apply: mkStreams took 0.004749ms
[info] set current project to scala_at_light_speed (in build file:/home/gabriel/Documents/de/scala/basics_scala/rock-the-jvm/scala_at_light_speed/)
[debug] > Exec(sbtPopOnFailure, None, None)
[debug] > Exec(resumeFromFailure, None, None)
[debug] > Exec(notifyUsersAboutShell, None, None)
[debug] > Exec(iflast shell, None, None)
[debug] > Exec(shell, None, None)
[info] sbt server started at local:///home/gabriel/.sbt/1.0/server/fa8fb7425e0559407af0/sock
[debug] Writing bsp connection file
[info] started sbt server
